  Processing .\ActiveX.idl
  ActiveX.idl
  Processing D:\Windows Kits\10\Include\10.0.19041.0\um\oaidl.idl
  oaidl.idl
  Processing D:\Windows Kits\10\Include\10.0.19041.0\um\objidl.idl
  objidl.idl
  Processing D:\Windows Kits\10\Include\10.0.19041.0\um\unknwn.idl
  unknwn.idl
  Processing D:\Windows Kits\10\Include\10.0.19041.0\shared\wtypes.idl
  wtypes.idl
  Processing D:\Windows Kits\10\Include\10.0.19041.0\shared\wtypesbase.idl
  wtypesbase.idl
  Processing D:\Windows Kits\10\Include\10.0.19041.0\shared\basetsd.h
  basetsd.h
  Processing D:\Windows Kits\10\Include\10.0.19041.0\shared\guiddef.h
  guiddef.h
  Processing D:\Windows Kits\10\Include\10.0.19041.0\um\oaidl.acf
  oaidl.acf
  pch.cpp
  ActiveX.cpp
  ActiveXCtrl.cpp
F:\codes\MixProjects\ABS\ActiveX\ActiveXCtrl.cpp(210,24): warning C4101: “e”: 未引用的局部变量
  ActiveXPropPage.cpp
  AnimateDlg.cpp
  CPublic.cpp
  正在生成代码...
    正在创建库 F:\codes\MixProjects\ABS\ActiveX\Debug\ActiveX.lib 和对象 F:\codes\MixProjects\ABS\ActiveX\Debug\ActiveX.exp
  ActiveX.vcxproj -> F:\codes\MixProjects\ABS\ActiveX\Debug\ActiveX.ocx
