f:\codes\mixprojects\abs\activex\debug\activex.lib
f:\codes\mixprojects\abs\activex\debug\activex.exp
f:\codes\mixprojects\abs\activex\debug\activex.pch
f:\codes\mixprojects\abs\activex\debug\vc142.pdb
f:\codes\mixprojects\abs\activex\debug\vc142.idb
f:\codes\mixprojects\abs\activex\debug\pch.obj
f:\codes\mixprojects\abs\activex\debug\cpublic.obj
f:\codes\mixprojects\abs\activex\debug\connectmysql.obj
f:\codes\mixprojects\abs\activex\debug\animatedlg.obj
f:\codes\mixprojects\abs\activex\debug\activexproppage.obj
f:\codes\mixprojects\abs\activex\debug\activexctrl.obj
f:\codes\mixprojects\abs\activex\debug\activex.obj
f:\codes\mixprojects\abs\activex\debug\activex.ilk
f:\codes\mixprojects\abs\activex\debug\activex.ocx
f:\codes\mixprojects\abs\activex\debug\activex.pdb
f:\codes\mixprojects\abs\activex\debug\activex.tlb
f:\codes\mixprojects\abs\activex\activex_i.c
f:\codes\mixprojects\abs\activex\activexidl.h
f:\codes\mixprojects\abs\activex\debug\activex.res
f:\codes\mixprojects\abs\activex\debug\activex.tlog\activex.write.1u.tlog
f:\codes\mixprojects\abs\activex\debug\activex.tlog\cl.command.1.tlog
f:\codes\mixprojects\abs\activex\debug\activex.tlog\cl.read.1.tlog
f:\codes\mixprojects\abs\activex\debug\activex.tlog\cl.write.1.tlog
f:\codes\mixprojects\abs\activex\debug\activex.tlog\link.command.1.tlog
f:\codes\mixprojects\abs\activex\debug\activex.tlog\link.read.1.tlog
f:\codes\mixprojects\abs\activex\debug\activex.tlog\link.write.1.tlog
f:\codes\mixprojects\abs\activex\debug\activex.tlog\midl.command.1.tlog
f:\codes\mixprojects\abs\activex\debug\activex.tlog\midl.read.1.tlog
f:\codes\mixprojects\abs\activex\debug\activex.tlog\midl.write.1.tlog
f:\codes\mixprojects\abs\activex\debug\activex.tlog\rc.command.1.tlog
f:\codes\mixprojects\abs\activex\debug\activex.tlog\rc.read.1.tlog
f:\codes\mixprojects\abs\activex\debug\activex.tlog\rc.write.1.tlog
