f:\codes\mixprojects\abs\activex\release\activex.lib
f:\codes\mixprojects\abs\activex\release\activex.exp
f:\codes\mixprojects\abs\activex\release\activex.ipdb
f:\codes\mixprojects\abs\activex\release\activex.iobj
f:\codes\mixprojects\abs\activex\release\activex.pch
f:\codes\mixprojects\abs\activex\release\vc142.pdb
f:\codes\mixprojects\abs\activex\release\pch.obj
f:\codes\mixprojects\abs\activex\release\cpublic.obj
f:\codes\mixprojects\abs\activex\release\connectmysql.obj
f:\codes\mixprojects\abs\activex\release\animatedlg.obj
f:\codes\mixprojects\abs\activex\release\activexproppage.obj
f:\codes\mixprojects\abs\activex\release\activexctrl.obj
f:\codes\mixprojects\abs\activex\release\activex.obj
f:\codes\mixprojects\abs\activex\release\activex.ocx
f:\codes\mixprojects\abs\activex\release\activex.pdb
f:\codes\mixprojects\abs\activex\release\activex.tlb
f:\codes\mixprojects\abs\activex\activex_i.c
f:\codes\mixprojects\abs\activex\activexidl.h
f:\codes\mixprojects\abs\activex\release\activex.res
f:\codes\mixprojects\abs\activex\release\activex.tlog\activex.write.1u.tlog
f:\codes\mixprojects\abs\activex\release\activex.tlog\cl.command.1.tlog
f:\codes\mixprojects\abs\activex\release\activex.tlog\cl.read.1.tlog
f:\codes\mixprojects\abs\activex\release\activex.tlog\cl.write.1.tlog
f:\codes\mixprojects\abs\activex\release\activex.tlog\link.command.1.tlog
f:\codes\mixprojects\abs\activex\release\activex.tlog\link.read.1.tlog
f:\codes\mixprojects\abs\activex\release\activex.tlog\link.write.1.tlog
f:\codes\mixprojects\abs\activex\release\activex.tlog\midl.command.1.tlog
f:\codes\mixprojects\abs\activex\release\activex.tlog\midl.read.1.tlog
f:\codes\mixprojects\abs\activex\release\activex.tlog\midl.write.1.tlog
f:\codes\mixprojects\abs\activex\release\activex.tlog\rc.command.1.tlog
f:\codes\mixprojects\abs\activex\release\activex.tlog\rc.read.1.tlog
f:\codes\mixprojects\abs\activex\release\activex.tlog\rc.write.1.tlog
